shared/build/outputs/logs/manifest-merger-release-report.txt
-- Merging decision tree log ---
manifest
ADDED from src/androidMain/AndroidManifest.xml:1:1-54
INJECTED from src/androidMain/AndroidManifest.xml:1:1-54
	package
		ADDED from src/androidMain/AndroidManifest.xml:1:11-51
		INJECTED from src/androidMain/AndroidManifest.xml
uses-sdk
INJECTED from src/androidMain/AndroidManifest.xml reason: use-sdk injection requested
INJECTED from src/androidMain/AndroidManifest.xml
INJECTED from src/androidMain/AndroidManifest.xml
	android:targetSdkVersion
		INJECTED from src/androidMain/AndroidManifest.xml
	android:minSdkVersion
		INJECTED from src/androidMain/AndroidManifest.xml